<?xml version="1.0" encoding="UTF-8"?>
<!-- Generated by org.testng.reporters.JUnitReportReporter -->
<testsuite skipped="0" hostname="Lenovo-PC" name="com.ivavsys.TestPOM.Demo" tests="1" failures="0" timestamp="31 Mar 2020 14:31:13 GMT" time="15.283" errors="0">
  <testcase name="demo" time="15.283" classname="com.ivavsys.TestPOM.Demo"/>
</testsuite> <!-- com.ivavsys.TestPOM.Demo -->
